[debug] [2020-04-19T15:06:36.222Z] ----------------------------------------------------------------------
[debug] [2020-04-19T15:06:36.224Z] Command:       C:\Program Files\nodejs\node.exe C:\Users\byenet\AppData\Roaming\npm\node_modules\firebase-tools\lib\bin\firebase.js serve
[debug] [2020-04-19T15:06:36.224Z] CLI Version:   8.1.1
[debug] [2020-04-19T15:06:36.224Z] Platform:      win32
[debug] [2020-04-19T15:06:36.224Z] Node Version:  v12.13.0
[debug] [2020-04-19T15:06:36.225Z] Time:          Sun Apr 19 2020 22:06:36 GMT+0700 (Indochina Time)
[debug] [2020-04-19T15:06:36.225Z] ----------------------------------------------------------------------
[debug] [2020-04-19T15:06:36.225Z] 
[debug] [2020-04-19T15:06:36.232Z] > command requires scopes: ["email","openid","https://www.googleapis.com/auth/cloudplatformprojects.readonly","https://www.googleapis.com/auth/firebase","https://www.googleapis.com/auth/cloud-platform"]
[debug] [2020-04-19T15:06:36.232Z] > authorizing via signed-in user
[debug] [2020-04-19T15:06:36.233Z] [iam] checking project doan-film-nhathuy for permissions ["firebase.projects.get"]
[debug] [2020-04-19T15:06:36.235Z] >>> HTTP REQUEST POST https://cloudresourcemanager.googleapis.com/v1/projects/doan-film-nhathuy:testIamPermissions  
 {"permissions":["firebase.projects.get"]}
[debug] [2020-04-19T15:06:38.101Z] <<< HTTP RESPONSE 200 {"content-type":"application/json; charset=UTF-8","vary":"X-Origin, Referer, Origin,Accept-Encoding","date":"Sun, 19 Apr 2020 15:06:36 GMT","server":"ESF","cache-control":"private","x-xss-protection":"0","x-frame-options":"SAMEORIGIN","x-content-type-options":"nosniff","server-timing":"gfet4t7; dur=1234","alt-svc":"quic=\":443\"; ma=2592000; v=\"46,43\",h3-Q050=\":443\"; ma=2592000,h3-Q049=\":443\"; ma=2592000,h3-Q048=\":443\"; ma=2592000,h3-Q046=\":443\"; ma=2592000,h3-Q043=\":443\"; ma=2592000,h3-T050=\":443\"; ma=2592000","accept-ranges":"none","transfer-encoding":"chunked"}
[debug] [2020-04-19T15:06:38.102Z] >>> HTTP REQUEST GET https://firebase.googleapis.com/v1beta1/projects/doan-film-nhathuy  
 
[debug] [2020-04-19T15:06:39.409Z] <<< HTTP RESPONSE 200 {"content-type":"application/json; charset=UTF-8","vary":"X-Origin, Referer, Origin,Accept-Encoding","date":"Sun, 19 Apr 2020 15:06:38 GMT","server":"ESF","cache-control":"private","x-xss-protection":"0","x-frame-options":"SAMEORIGIN","x-content-type-options":"nosniff","alt-svc":"quic=\":443\"; ma=2592000; v=\"46,43\",h3-Q050=\":443\"; ma=2592000,h3-Q049=\":443\"; ma=2592000,h3-Q048=\":443\"; ma=2592000,h3-Q046=\":443\"; ma=2592000,h3-Q043=\":443\"; ma=2592000,h3-T050=\":443\"; ma=2592000","accept-ranges":"none","transfer-encoding":"chunked"}
[info] 
[info] === Serving from 'D:\project\coderX\2_HTML for dummies\Bài 20 - Demo-DoAn-Film\film'...
[info] 
[debug] [2020-04-19T15:06:39.413Z] >>> HTTP REQUEST GET https://firebase.googleapis.com/v1beta1/projects/doan-film-nhathuy/webApps/-/config  
 
[debug] [2020-04-19T15:06:40.985Z] <<< HTTP RESPONSE 200 {"content-type":"application/json; charset=UTF-8","vary":"X-Origin, Referer, Origin,Accept-Encoding","date":"Sun, 19 Apr 2020 15:06:39 GMT","server":"ESF","cache-control":"private","x-xss-protection":"0","x-frame-options":"SAMEORIGIN","x-content-type-options":"nosniff","alt-svc":"quic=\":443\"; ma=2592000; v=\"46,43\",h3-Q050=\":443\"; ma=2592000,h3-Q049=\":443\"; ma=2592000,h3-Q048=\":443\"; ma=2592000,h3-Q046=\":443\"; ma=2592000,h3-Q043=\":443\"; ma=2592000,h3-T050=\":443\"; ma=2592000","accept-ranges":"none","transfer-encoding":"chunked"}
[info] i  hosting: Serving hosting files from: build
[info] +  hosting: Local server: http://localhost:5000
